"2019-10-21 12:01:14 [restartedMain] INFO  a.b.p.ApiBatchProcessorApplication - Starting ApiBatchProcessorApplication on OptimusPrime with PID 12384 (started by Sushil K Bhaskar in E:\Development EDI\Reactive_Workspace\api-batch-processor)
""2019-10-21 12:01:14 [restartedMain] DEBUG a.b.p.ApiBatchProcessorApplication - Running with Spring Boot v2.1.10.BUILD-SNAPSHOT, Spring v5.1.10.RELEASE
""2019-10-21 12:01:14 [restartedMain] INFO  a.b.p.ApiBatchProcessorApplication - The following profiles are active: development
""2019-10-21 12:01:14 [restartedMain] INFO  o.s.b.d.e.DevToolsPropertyDefaultsPostProcessor - Devtools property defaults active! Set 'spring.devtools.add-properties' to 'false' to disable
""2019-10-21 12:01:14 [restartedMain] INFO  o.s.b.d.e.DevToolsPropertyDefaultsPostProcessor - For additional web related logging consider setting the 'logging.level.web' property to 'DEBUG'
""2019-10-21 12:01:17 [restartedMain] INFO  o.s.d.r.c.RepositoryConfigurationDelegate - Bootstrapping Spring Data repositories in DEFAULT mode.
""2019-10-21 12:01:17 [restartedMain] INFO  o.s.d.r.c.RepositoryConfigurationDelegate - Finished Spring Data repository scanning in 86ms. Found 1 repository interfaces.
""2019-10-21 12:01:17 [restartedMain] INFO  o.s.c.s.PostProcessorRegistrationDelegate$BeanPostProcessorChecker - Bean 'org.springframework.transaction.annotation.ProxyTransactionManagementConfiguration' of type [org.springframework.transaction.annotation.ProxyTransactionManagementConfiguration$$EnhancerBySpringCGLIB$$ad54f34b] is not eligible for getting processed by all BeanPostProcessors (for example: not eligible for auto-proxying)
""2019-10-21 12:01:18 [restartedMain] INFO  o.s.b.w.e.tomcat.TomcatWebServer - Tomcat initialized with port(s): 8080 (http)
""2019-10-21 12:01:18 [restartedMain] INFO  o.a.catalina.core.StandardService - Starting service [Tomcat]
""2019-10-21 12:01:18 [restartedMain] INFO  o.a.catalina.core.StandardEngine - Starting Servlet engine: [Apache Tomcat/9.0.26]
""2019-10-21 12:01:19 [restartedMain] INFO  o.a.c.c.C.[Tomcat].[localhost].[/] - Initializing Spring embedded WebApplicationContext
""2019-10-21 12:01:23 [restartedMain] INFO  com.zaxxer.hikari.HikariDataSource - HikariPool-1 - Starting...
""2019-10-21 12:01:24 [restartedMain] INFO  com.zaxxer.hikari.HikariDataSource - HikariPool-1 - Start completed.
""2019-10-21 12:01:29 [restartedMain] INFO  o.s.o.j.LocalContainerEntityManagerFactoryBean - Initialized JPA EntityManagerFactory for persistence unit 'default'
""2019-10-21 12:01:29 [restartedMain] INFO  o.s.b.d.a.OptionalLiveReloadServer - LiveReload server is running on port 35729
""2019-10-21 12:01:31 [restartedMain] INFO  o.s.s.c.ThreadPoolTaskExecutor - Initializing ExecutorService 'applicationTaskExecutor'
""2019-10-21 12:01:31 [restartedMain] WARN  o.s.b.a.o.j.JpaBaseConfiguration$JpaWebConfiguration$JpaWebMvcConfiguration - spring.jpa.open-in-view is enabled by default. Therefore, database queries may be performed during view rendering. Explicitly configure spring.jpa.open-in-view to disable this warning
""2019-10-21 12:01:31 [restartedMain] WARN  o.s.b.a.batch.JpaBatchConfigurer - JPA does not support custom isolation levels, so locks may not be taken when launching Jobs
""2019-10-21 12:01:31 [restartedMain] INFO  o.s.b.c.r.s.JobRepositoryFactoryBean - No database type set, using meta data indicating: POSTGRES
""2019-10-21 12:01:31 [restartedMain] INFO  o.s.b.c.l.support.SimpleJobLauncher - No TaskExecutor has been set, defaulting to synchronous executor.
""2019-10-21 12:01:32 [restartedMain] INFO  o.s.b.w.e.tomcat.TomcatWebServer - Tomcat started on port(s): 8080 (http) with context path ''
""2019-10-21 12:01:32 [restartedMain] INFO  a.b.p.ApiBatchProcessorApplication - Started ApiBatchProcessorApplication in 19.168 seconds (JVM running for 20.628)
""2019-10-21 12:02:08 [Thread-6] INFO  o.s.s.c.ThreadPoolTaskExecutor - Shutting down ExecutorService 'applicationTaskExecutor'
""2019-10-21 12:02:08 [Thread-6] INFO  o.s.o.j.LocalContainerEntityManagerFactoryBean - Closing JPA EntityManagerFactory for persistence unit 'default'
""2019-10-21 12:02:08 [Thread-6] INFO  com.zaxxer.hikari.HikariDataSource - HikariPool-1 - Shutdown initiated...
""2019-10-21 12:02:08 [Thread-6] INFO  com.zaxxer.hikari.HikariDataSource - HikariPool-1 - Shutdown completed.
""2019-10-21 12:02:09 [restartedMain] INFO  a.b.p.ApiBatchProcessorApplication - Starting ApiBatchProcessorApplication on OptimusPrime with PID 12384 (started by Sushil K Bhaskar in E:\Development EDI\Reactive_Workspace\api-batch-processor)
""2019-10-21 12:02:09 [restartedMain] DEBUG a.b.p.ApiBatchProcessorApplication - Running with Spring Boot v2.1.10.BUILD-SNAPSHOT, Spring v5.1.10.RELEASE
""2019-10-21 12:02:09 [restartedMain] INFO  a.b.p.ApiBatchProcessorApplication - The following profiles are active: development
""2019-10-21 12:02:09 [restartedMain] INFO  o.s.d.r.c.RepositoryConfigurationDelegate - Bootstrapping Spring Data repositories in DEFAULT mode.
""2019-10-21 12:02:09 [restartedMain] INFO  o.s.d.r.c.RepositoryConfigurationDelegate - Finished Spring Data repository scanning in 10ms. Found 1 repository interfaces.
""2019-10-21 12:02:09 [restartedMain] INFO  o.s.c.s.PostProcessorRegistrationDelegate$BeanPostProcessorChecker - Bean 'org.springframework.transaction.annotation.ProxyTransactionManagementConfiguration' of type [org.springframework.transaction.annotation.ProxyTransactionManagementConfiguration$$EnhancerBySpringCGLIB$$ad54f34b] is not eligible for getting processed by all BeanPostProcessors (for example: not eligible for auto-proxying)
""2019-10-21 12:02:09 [restartedMain] INFO  o.s.b.w.e.tomcat.TomcatWebServer - Tomcat initialized with port(s): 8080 (http)
""2019-10-21 12:02:09 [restartedMain] INFO  o.a.catalina.core.StandardService - Starting service [Tomcat]
""2019-10-21 12:02:09 [restartedMain] INFO  o.a.catalina.core.StandardEngine - Starting Servlet engine: [Apache Tomcat/9.0.26]
""2019-10-21 12:02:09 [restartedMain] INFO  o.a.c.c.C.[Tomcat].[localhost].[/] - Initializing Spring embedded WebApplicationContext
""2019-10-21 12:02:09 [restartedMain] INFO  com.zaxxer.hikari.HikariDataSource - HikariPool-2 - Starting...
""2019-10-21 12:02:09 [restartedMain] INFO  com.zaxxer.hikari.HikariDataSource - HikariPool-2 - Start completed.
""2019-10-21 12:02:09 [restartedMain] INFO  o.s.o.j.LocalContainerEntityManagerFactoryBean - Initialized JPA EntityManagerFactory for persistence unit 'default'
""2019-10-21 12:02:09 [restartedMain] INFO  o.s.b.d.a.OptionalLiveReloadServer - LiveReload server is running on port 35729
""2019-10-21 12:02:10 [restartedMain] INFO  o.s.s.c.ThreadPoolTaskExecutor - Initializing ExecutorService 'applicationTaskExecutor'
""2019-10-21 12:02:10 [restartedMain] WARN  o.s.b.a.o.j.JpaBaseConfiguration$JpaWebConfiguration$JpaWebMvcConfiguration - spring.jpa.open-in-view is enabled by default. Therefore, database queries may be performed during view rendering. Explicitly configure spring.jpa.open-in-view to disable this warning
""2019-10-21 12:02:10 [restartedMain] WARN  o.s.b.a.batch.JpaBatchConfigurer - JPA does not support custom isolation levels, so locks may not be taken when launching Jobs
""2019-10-21 12:02:10 [restartedMain] INFO  o.s.b.c.r.s.JobRepositoryFactoryBean - No database type set, using meta data indicating: POSTGRES
""2019-10-21 12:02:10 [restartedMain] INFO  o.s.b.c.l.support.SimpleJobLauncher - No TaskExecutor has been set, defaulting to synchronous executor.
""2019-10-21 12:02:10 [restartedMain] INFO  o.s.b.w.e.tomcat.TomcatWebServer - Tomcat started on port(s): 8080 (http) with context path ''
""2019-10-21 12:02:10 [restartedMain] INFO  a.b.p.ApiBatchProcessorApplication - Started ApiBatchProcessorApplication in 1.091 seconds (JVM running for 58.678)
""2019-10-21 12:02:10 [restartedMain] INFO  o.s.b.d.a.ConditionEvaluationDeltaLoggingListener - Condition evaluation unchanged
""2019-10-21 12:02:17 [http-nio-8080-exec-1] INFO  o.a.c.c.C.[Tomcat].[localhost].[/] - Initializing Spring DispatcherServlet 'dispatcherServlet'
""2019-10-21 12:15:34 [Thread-11] INFO  o.s.s.c.ThreadPoolTaskExecutor - Shutting down ExecutorService 'applicationTaskExecutor'
""2019-10-21 12:15:34 [Thread-11] INFO  o.s.o.j.LocalContainerEntityManagerFactoryBean - Closing JPA EntityManagerFactory for persistence unit 'default'
""2019-10-21 12:15:34 [Thread-11] INFO  com.zaxxer.hikari.HikariDataSource - HikariPool-2 - Shutdown initiated...
""2019-10-21 12:15:34 [Thread-11] INFO  com.zaxxer.hikari.HikariDataSource - HikariPool-2 - Shutdown completed.
""2019-10-21 12:15:34 [restartedMain] INFO  a.b.p.ApiBatchProcessorApplication - Starting ApiBatchProcessorApplication on OptimusPrime with PID 12384 (started by Sushil K Bhaskar in E:\Development EDI\Reactive_Workspace\api-batch-processor)
""2019-10-21 12:15:34 [restartedMain] DEBUG a.b.p.ApiBatchProcessorApplication - Running with Spring Boot v2.1.10.BUILD-SNAPSHOT, Spring v5.1.10.RELEASE
""2019-10-21 12:15:34 [restartedMain] INFO  a.b.p.ApiBatchProcessorApplication - The following profiles are active: development
""2019-10-21 12:15:34 [restartedMain] INFO  o.s.d.r.c.RepositoryConfigurationDelegate - Bootstrapping Spring Data repositories in DEFAULT mode.
""2019-10-21 12:15:34 [restartedMain] INFO  o.s.d.r.c.RepositoryConfigurationDelegate - Finished Spring Data repository scanning in 8ms. Found 1 repository interfaces.
""2019-10-21 12:15:34 [restartedMain] INFO  o.s.c.s.PostProcessorRegistrationDelegate$BeanPostProcessorChecker - Bean 'org.springframework.transaction.annotation.ProxyTransactionManagementConfiguration' of type [org.springframework.transaction.annotation.ProxyTransactionManagementConfiguration$$EnhancerBySpringCGLIB$$ad54f34b] is not eligible for getting processed by all BeanPostProcessors (for example: not eligible for auto-proxying)
""2019-10-21 12:15:34 [restartedMain] INFO  o.s.b.w.e.tomcat.TomcatWebServer - Tomcat initialized with port(s): 8080 (http)
""2019-10-21 12:15:34 [restartedMain] INFO  o.a.catalina.core.StandardService - Starting service [Tomcat]
""2019-10-21 12:15:34 [restartedMain] INFO  o.a.catalina.core.StandardEngine - Starting Servlet engine: [Apache Tomcat/9.0.26]
""2019-10-21 12:15:34 [restartedMain] INFO  o.a.c.c.C.[Tomcat].[localhost].[/] - Initializing Spring embedded WebApplicationContext
""2019-10-21 12:15:34 [restartedMain] INFO  com.zaxxer.hikari.HikariDataSource - HikariPool-3 - Starting...
""2019-10-21 12:15:34 [restartedMain] INFO  com.zaxxer.hikari.HikariDataSource - HikariPool-3 - Start completed.
""2019-10-21 12:15:35 [restartedMain] INFO  o.s.o.j.LocalContainerEntityManagerFactoryBean - Initialized JPA EntityManagerFactory for persistence unit 'default'
""2019-10-21 12:15:35 [restartedMain] INFO  o.s.b.d.a.OptionalLiveReloadServer - LiveReload server is running on port 35729
""2019-10-21 12:15:35 [restartedMain] INFO  o.s.s.c.ThreadPoolTaskExecutor - Initializing ExecutorService 'applicationTaskExecutor'
""2019-10-21 12:15:35 [restartedMain] WARN  o.s.b.a.o.j.JpaBaseConfiguration$JpaWebConfiguration$JpaWebMvcConfiguration - spring.jpa.open-in-view is enabled by default. Therefore, database queries may be performed during view rendering. Explicitly configure spring.jpa.open-in-view to disable this warning
""2019-10-21 12:15:35 [restartedMain] WARN  o.s.b.a.batch.JpaBatchConfigurer - JPA does not support custom isolation levels, so locks may not be taken when launching Jobs
""2019-10-21 12:15:35 [restartedMain] INFO  o.s.b.c.r.s.JobRepositoryFactoryBean - No database type set, using meta data indicating: POSTGRES
""2019-10-21 12:15:35 [restartedMain] INFO  o.s.b.c.l.support.SimpleJobLauncher - No TaskExecutor has been set, defaulting to synchronous executor.
""2019-10-21 12:15:35 [restartedMain] INFO  o.s.b.w.e.tomcat.TomcatWebServer - Tomcat started on port(s): 8080 (http) with context path ''
""2019-10-21 12:15:35 [restartedMain] INFO  a.b.p.ApiBatchProcessorApplication - Started ApiBatchProcessorApplication in 0.951 seconds (JVM running for 863.799)
""2019-10-21 12:15:35 [restartedMain] INFO  o.s.b.d.a.ConditionEvaluationDeltaLoggingListener - Condition evaluation unchanged
""2019-10-21 12:19:23 [Thread-18] INFO  o.s.s.c.ThreadPoolTaskExecutor - Shutting down ExecutorService 'applicationTaskExecutor'
""2019-10-21 12:19:23 [Thread-18] INFO  o.s.o.j.LocalContainerEntityManagerFactoryBean - Closing JPA EntityManagerFactory for persistence unit 'default'
""2019-10-21 12:19:23 [Thread-18] INFO  com.zaxxer.hikari.HikariDataSource - HikariPool-3 - Shutdown initiated...
""2019-10-21 12:19:23 [Thread-18] INFO  com.zaxxer.hikari.HikariDataSource - HikariPool-3 - Shutdown completed.
""2019-10-21 12:19:23 [restartedMain] INFO  a.b.p.ApiBatchProcessorApplication - Starting ApiBatchProcessorApplication on OptimusPrime with PID 12384 (started by Sushil K Bhaskar in E:\Development EDI\Reactive_Workspace\api-batch-processor)
""2019-10-21 12:19:23 [restartedMain] DEBUG a.b.p.ApiBatchProcessorApplication - Running with Spring Boot v2.1.10.BUILD-SNAPSHOT, Spring v5.1.10.RELEASE
""2019-10-21 12:19:23 [restartedMain] INFO  a.b.p.ApiBatchProcessorApplication - The following profiles are active: development
""2019-10-21 12:19:23 [restartedMain] WARN  o.s.b.w.s.c.AnnotationConfigServletWebServerApplicationContext - Exception encountered during context initialization - cancelling refresh attempt: org.springframework.beans.factory.support.BeanDefinitionOverrideException: Invalid bean definition with name 'job' defined in class path resource [api/batch/processor/configuration/BatchConfigNewJob.class]: Cannot register bean definition [Root bean: class [null]; scope=; abstract=false; lazyInit=false; autowireMode=3; dependencyCheck=0; autowireCandidate=true; primary=false; factoryBeanName=batchConfigNewJob; factoryMethodName=job; initMethodName=null; destroyMethodName=(inferred); defined in class path resource [api/batch/processor/configuration/BatchConfigNewJob.class]] for bean 'job': There is already [Root bean: class [null]; scope=; abstract=false; lazyInit=false; autowireMode=3; dependencyCheck=0; autowireCandidate=true; primary=false; factoryBeanName=batchConfig; factoryMethodName=job; initMethodName=null; destroyMethodName=(inferred); defined in class path resource [api/batch/processor/configuration/BatchConfig.class]] bound.
""2019-10-21 12:19:23 [restartedMain] INFO  o.s.b.a.l.ConditionEvaluationReportLoggingListener - 

Error starting ApplicationContext. To display the conditions report re-run your application with 'debug' enabled.
""2019-10-21 12:19:23 [restartedMain] ERROR o.s.b.d.LoggingFailureAnalysisReporter - 

***************************
APPLICATION FAILED TO START
***************************

Description:

The bean 'job', defined in class path resource [api/batch/processor/configuration/BatchConfigNewJob.class], could not be registered. A bean with that name has already been defined in class path resource [api/batch/processor/configuration/BatchConfig.class] and overriding is disabled.

Action:

Consider renaming one of the beans or enabling overriding by setting spring.main.allow-bean-definition-overriding=true

""2019-10-21 12:21:16 [restartedMain] INFO  a.b.p.ApiBatchProcessorApplication - Starting ApiBatchProcessorApplication on OptimusPrime with PID 12384 (started by Sushil K Bhaskar in E:\Development EDI\Reactive_Workspace\api-batch-processor)
""2019-10-21 12:21:16 [restartedMain] DEBUG a.b.p.ApiBatchProcessorApplication - Running with Spring Boot v2.1.10.BUILD-SNAPSHOT, Spring v5.1.10.RELEASE
""2019-10-21 12:21:16 [restartedMain] INFO  a.b.p.ApiBatchProcessorApplication - The following profiles are active: development
""2019-10-21 12:21:16 [restartedMain] WARN  o.s.b.w.s.c.AnnotationConfigServletWebServerApplicationContext - Exception encountered during context initialization - cancelling refresh attempt: org.springframework.beans.factory.support.BeanDefinitionOverrideException: Invalid bean definition with name 'job' defined in class path resource [api/batch/processor/configuration/BatchConfigNewJob.class]: Cannot register bean definition [Root bean: class [null]; scope=; abstract=false; lazyInit=false; autowireMode=3; dependencyCheck=0; autowireCandidate=true; primary=false; factoryBeanName=batchConfigNewJob; factoryMethodName=job; initMethodName=null; destroyMethodName=(inferred); defined in class path resource [api/batch/processor/configuration/BatchConfigNewJob.class]] for bean 'job': There is already [Root bean: class [null]; scope=; abstract=false; lazyInit=false; autowireMode=3; dependencyCheck=0; autowireCandidate=true; primary=false; factoryBeanName=batchConfig; factoryMethodName=job; initMethodName=null; destroyMethodName=(inferred); defined in class path resource [api/batch/processor/configuration/BatchConfig.class]] bound.
""2019-10-21 12:21:16 [restartedMain] INFO  o.s.b.a.l.ConditionEvaluationReportLoggingListener - 

Error starting ApplicationContext. To display the conditions report re-run your application with 'debug' enabled.
""2019-10-21 12:21:16 [restartedMain] ERROR o.s.b.d.LoggingFailureAnalysisReporter - 

***************************
APPLICATION FAILED TO START
***************************

Description:

The bean 'job', defined in class path resource [api/batch/processor/configuration/BatchConfigNewJob.class], could not be registered. A bean with that name has already been defined in class path resource [api/batch/processor/configuration/BatchConfig.class] and overriding is disabled.

Action:

Consider renaming one of the beans or enabling overriding by setting spring.main.allow-bean-definition-overriding=true

""2019-10-21 12:24:12 [restartedMain] INFO  a.b.p.ApiBatchProcessorApplication - Starting ApiBatchProcessorApplication on OptimusPrime with PID 12384 (started by Sushil K Bhaskar in E:\Development EDI\Reactive_Workspace\api-batch-processor)
""2019-10-21 12:24:12 [restartedMain] DEBUG a.b.p.ApiBatchProcessorApplication - Running with Spring Boot v2.1.10.BUILD-SNAPSHOT, Spring v5.1.10.RELEASE
""2019-10-21 12:24:12 [restartedMain] INFO  a.b.p.ApiBatchProcessorApplication - The following profiles are active: development
""2019-10-21 12:24:12 [restartedMain] WARN  o.s.b.w.s.c.AnnotationConfigServletWebServerApplicationContext - Exception encountered during context initialization - cancelling refresh attempt: org.springframework.beans.factory.support.BeanDefinitionOverrideException: Invalid bean definition with name 'job' defined in class path resource [api/batch/processor/configuration/BatchConfigNewJob.class]: Cannot register bean definition [Root bean: class [null]; scope=; abstract=false; lazyInit=false; autowireMode=3; dependencyCheck=0; autowireCandidate=true; primary=false; factoryBeanName=batchConfigNewJob; factoryMethodName=job; initMethodName=null; destroyMethodName=(inferred); defined in class path resource [api/batch/processor/configuration/BatchConfigNewJob.class]] for bean 'job': There is already [Root bean: class [null]; scope=; abstract=false; lazyInit=false; autowireMode=3; dependencyCheck=0; autowireCandidate=true; primary=false; factoryBeanName=batchConfig; factoryMethodName=job; initMethodName=null; destroyMethodName=(inferred); defined in class path resource [api/batch/processor/configuration/BatchConfig.class]] bound.
""2019-10-21 12:24:12 [restartedMain] INFO  o.s.b.a.l.ConditionEvaluationReportLoggingListener - 

Error starting ApplicationContext. To display the conditions report re-run your application with 'debug' enabled.
""2019-10-21 12:24:12 [restartedMain] ERROR o.s.b.d.LoggingFailureAnalysisReporter - 

***************************
APPLICATION FAILED TO START
***************************

Description:

The bean 'job', defined in class path resource [api/batch/processor/configuration/BatchConfigNewJob.class], could not be registered. A bean with that name has already been defined in class path resource [api/batch/processor/configuration/BatchConfig.class] and overriding is disabled.

Action:

Consider renaming one of the beans or enabling overriding by setting spring.main.allow-bean-definition-overriding=true

""2019-10-21 12:51:14 [restartedMain] INFO  a.b.p.ApiBatchProcessorApplication - Starting ApiBatchProcessorApplication on OptimusPrime with PID 3988 (started by Sushil K Bhaskar in E:\Development EDI\Reactive_Workspace\api-batch-processor)
""2019-10-21 12:51:14 [restartedMain] DEBUG a.b.p.ApiBatchProcessorApplication - Running with Spring Boot v2.1.10.BUILD-SNAPSHOT, Spring v5.1.10.RELEASE
""2019-10-21 12:51:14 [restartedMain] INFO  a.b.p.ApiBatchProcessorApplication - The following profiles are active: development
""2019-10-21 12:51:14 [restartedMain] INFO  o.s.b.d.e.DevToolsPropertyDefaultsPostProcessor - Devtools property defaults active! Set 'spring.devtools.add-properties' to 'false' to disable
""2019-10-21 12:51:14 [restartedMain] INFO  o.s.b.d.e.DevToolsPropertyDefaultsPostProcessor - For additional web related logging consider setting the 'logging.level.web' property to 'DEBUG'
""2019-10-21 12:51:15 [restartedMain] INFO  o.s.d.r.c.RepositoryConfigurationDelegate - Bootstrapping Spring Data repositories in DEFAULT mode.
""2019-10-21 12:51:15 [restartedMain] INFO  o.s.d.r.c.RepositoryConfigurationDelegate - Finished Spring Data repository scanning in 57ms. Found 2 repository interfaces.
""2019-10-21 12:51:15 [restartedMain] INFO  o.s.c.s.PostProcessorRegistrationDelegate$BeanPostProcessorChecker - Bean 'org.springframework.transaction.annotation.ProxyTransactionManagementConfiguration' of type [org.springframework.transaction.annotation.ProxyTransactionManagementConfiguration$$EnhancerBySpringCGLIB$$b570a31d] is not eligible for getting processed by all BeanPostProcessors (for example: not eligible for auto-proxying)
""2019-10-21 12:51:16 [restartedMain] INFO  o.s.b.w.e.tomcat.TomcatWebServer - Tomcat initialized with port(s): 8080 (http)
""2019-10-21 12:51:16 [restartedMain] INFO  o.a.catalina.core.StandardService - Starting service [Tomcat]
""2019-10-21 12:51:16 [restartedMain] INFO  o.a.catalina.core.StandardEngine - Starting Servlet engine: [Apache Tomcat/9.0.26]
""2019-10-21 12:51:16 [restartedMain] INFO  o.a.c.c.C.[Tomcat].[localhost].[/] - Initializing Spring embedded WebApplicationContext
""2019-10-21 12:51:16 [restartedMain] INFO  com.zaxxer.hikari.HikariDataSource - HikariPool-1 - Starting...
""2019-10-21 12:51:16 [restartedMain] INFO  com.zaxxer.hikari.HikariDataSource - HikariPool-1 - Start completed.
""2019-10-21 12:51:19 [restartedMain] INFO  o.s.o.j.LocalContainerEntityManagerFactoryBean - Initialized JPA EntityManagerFactory for persistence unit 'default'
""2019-10-21 12:51:19 [restartedMain] INFO  o.s.b.d.a.OptionalLiveReloadServer - LiveReload server is running on port 35729
""2019-10-21 12:51:19 [restartedMain] INFO  o.s.s.c.ThreadPoolTaskExecutor - Initializing ExecutorService 'applicationTaskExecutor'
""2019-10-21 12:51:19 [restartedMain] WARN  o.s.b.a.o.j.JpaBaseConfiguration$JpaWebConfiguration$JpaWebMvcConfiguration - spring.jpa.open-in-view is enabled by default. Therefore, database queries may be performed during view rendering. Explicitly configure spring.jpa.open-in-view to disable this warning
""2019-10-21 12:51:19 [restartedMain] WARN  o.s.b.a.batch.JpaBatchConfigurer - JPA does not support custom isolation levels, so locks may not be taken when launching Jobs
""2019-10-21 12:51:19 [restartedMain] INFO  o.s.b.c.r.s.JobRepositoryFactoryBean - No database type set, using meta data indicating: POSTGRES
""2019-10-21 12:51:19 [restartedMain] INFO  o.s.b.c.l.support.SimpleJobLauncher - No TaskExecutor has been set, defaulting to synchronous executor.
""2019-10-21 12:51:19 [restartedMain] INFO  o.s.b.w.e.tomcat.TomcatWebServer - Tomcat started on port(s): 8080 (http) with context path ''
""2019-10-21 12:51:19 [restartedMain] INFO  a.b.p.ApiBatchProcessorApplication - Started ApiBatchProcessorApplication in 6.346 seconds (JVM running for 8.396)
""2019-10-21 12:51:41 [http-nio-8080-exec-1] INFO  o.a.c.c.C.[Tomcat].[localhost].[/] - Initializing Spring DispatcherServlet 'dispatcherServlet'
""2019-10-21 12:51:45 [http-nio-8080-exec-3] INFO  o.s.b.c.l.support.SimpleJobLauncher - Job: [SimpleJob: [name=Index-N500-Load]] launched with the following parameters: [{Time=1571642505262}]
""2019-10-21 12:51:46 [http-nio-8080-exec-3] INFO  o.s.batch.core.job.SimpleStepHandler - Executing step: [Index-N500--File-Load]
""2019-10-21 12:51:47 [http-nio-8080-exec-3] INFO  o.s.b.c.l.support.SimpleJobLauncher - Job: [SimpleJob: [name=Index-N500-Load]] completed with the following parameters: [{Time=1571642505262}] and the following status: [COMPLETED]
""2019-10-21 12:51:47 [http-nio-8080-exec-4] INFO  o.s.b.c.l.support.SimpleJobLauncher - Job: [SimpleJob: [name=NSE-ALL-Load]] launched with the following parameters: [{Time=1571642507100}]
""2019-10-21 12:51:47 [http-nio-8080-exec-4] INFO  o.s.batch.core.job.SimpleStepHandler - Executing step: [Nse-ALL--File-Load]
""2019-10-21 12:51:48 [http-nio-8080-exec-4] INFO  o.s.b.c.l.support.SimpleJobLauncher - Job: [SimpleJob: [name=NSE-ALL-Load]] completed with the following parameters: [{Time=1571642507100}] and the following status: [COMPLETED]
""2019-10-21 12:54:26 [Thread-6] INFO  o.s.s.c.ThreadPoolTaskExecutor - Shutting down ExecutorService 'applicationTaskExecutor'
""2019-10-21 12:54:26 [Thread-6] INFO  o.s.o.j.LocalContainerEntityManagerFactoryBean - Closing JPA EntityManagerFactory for persistence unit 'default'
""2019-10-21 12:54:26 [Thread-6] INFO  com.zaxxer.hikari.HikariDataSource - HikariPool-1 - Shutdown initiated...
""2019-10-21 12:54:26 [Thread-6] INFO  com.zaxxer.hikari.HikariDataSource - HikariPool-1 - Shutdown completed.
""2019-10-21 12:54:27 [restartedMain] INFO  a.b.p.ApiBatchProcessorApplication - Starting ApiBatchProcessorApplication on OptimusPrime with PID 3988 (started by Sushil K Bhaskar in E:\Development EDI\Reactive_Workspace\api-batch-processor)
""2019-10-21 12:54:27 [restartedMain] DEBUG a.b.p.ApiBatchProcessorApplication - Running with Spring Boot v2.1.10.BUILD-SNAPSHOT, Spring v5.1.10.RELEASE
""2019-10-21 12:54:27 [restartedMain] INFO  a.b.p.ApiBatchProcessorApplication - The following profiles are active: development
""2019-10-21 12:54:27 [restartedMain] INFO  o.s.d.r.c.RepositoryConfigurationDelegate - Bootstrapping Spring Data repositories in DEFAULT mode.
""2019-10-21 12:54:27 [restartedMain] INFO  o.s.d.r.c.RepositoryConfigurationDelegate - Finished Spring Data repository scanning in 14ms. Found 2 repository interfaces.
""2019-10-21 12:54:27 [restartedMain] INFO  o.s.c.s.PostProcessorRegistrationDelegate$BeanPostProcessorChecker - Bean 'org.springframework.transaction.annotation.ProxyTransactionManagementConfiguration' of type [org.springframework.transaction.annotation.ProxyTransactionManagementConfiguration$$EnhancerBySpringCGLIB$$b570a31d] is not eligible for getting processed by all BeanPostProcessors (for example: not eligible for auto-proxying)
""2019-10-21 12:54:27 [restartedMain] INFO  o.s.b.w.e.tomcat.TomcatWebServer - Tomcat initialized with port(s): 8080 (http)
""2019-10-21 12:54:27 [restartedMain] INFO  o.a.catalina.core.StandardService - Starting service [Tomcat]
""2019-10-21 12:54:27 [restartedMain] INFO  o.a.catalina.core.StandardEngine - Starting Servlet engine: [Apache Tomcat/9.0.26]
""2019-10-21 12:54:27 [restartedMain] INFO  o.a.c.c.C.[Tomcat].[localhost].[/] - Initializing Spring embedded WebApplicationContext
""2019-10-21 12:54:27 [restartedMain] INFO  com.zaxxer.hikari.HikariDataSource - HikariPool-2 - Starting...
""2019-10-21 12:54:27 [restartedMain] INFO  com.zaxxer.hikari.HikariDataSource - HikariPool-2 - Start completed.
""2019-10-21 12:54:28 [restartedMain] INFO  o.s.o.j.LocalContainerEntityManagerFactoryBean - Initialized JPA EntityManagerFactory for persistence unit 'default'
""2019-10-21 12:54:28 [restartedMain] INFO  o.s.b.d.a.OptionalLiveReloadServer - LiveReload server is running on port 35729
""2019-10-21 12:54:28 [restartedMain] INFO  o.s.s.c.ThreadPoolTaskExecutor - Initializing ExecutorService 'applicationTaskExecutor'
""2019-10-21 12:54:28 [restartedMain] WARN  o.s.b.a.o.j.JpaBaseConfiguration$JpaWebConfiguration$JpaWebMvcConfiguration - spring.jpa.open-in-view is enabled by default. Therefore, database queries may be performed during view rendering. Explicitly configure spring.jpa.open-in-view to disable this warning
""2019-10-21 12:54:28 [restartedMain] WARN  o.s.b.a.batch.JpaBatchConfigurer - JPA does not support custom isolation levels, so locks may not be taken when launching Jobs
""2019-10-21 12:54:28 [restartedMain] INFO  o.s.b.c.r.s.JobRepositoryFactoryBean - No database type set, using meta data indicating: POSTGRES
""2019-10-21 12:54:28 [restartedMain] INFO  o.s.b.c.l.support.SimpleJobLauncher - No TaskExecutor has been set, defaulting to synchronous executor.
""2019-10-21 12:54:28 [restartedMain] INFO  o.s.b.w.e.tomcat.TomcatWebServer - Tomcat started on port(s): 8080 (http) with context path ''
""2019-10-21 12:54:28 [restartedMain] INFO  a.b.p.ApiBatchProcessorApplication - Started ApiBatchProcessorApplication in 1.159 seconds (JVM running for 196.814)
""2019-10-21 12:54:28 [restartedMain] INFO  o.s.b.d.a.ConditionEvaluationDeltaLoggingListener - Condition evaluation unchanged
""2019-10-21 12:54:37 [http-nio-8080-exec-1] INFO  o.a.c.c.C.[Tomcat].[localhost].[/] - Initializing Spring DispatcherServlet 'dispatcherServlet'
""2019-10-21 13:16:58 [Thread-11] INFO  o.s.s.c.ThreadPoolTaskExecutor - Shutting down ExecutorService 'applicationTaskExecutor'
""2019-10-21 13:16:58 [Thread-11] INFO  o.s.o.j.LocalContainerEntityManagerFactoryBean - Closing JPA EntityManagerFactory for persistence unit 'default'
""2019-10-21 13:16:58 [Thread-11] INFO  com.zaxxer.hikari.HikariDataSource - HikariPool-2 - Shutdown initiated...
""2019-10-21 13:16:58 [Thread-11] INFO  com.zaxxer.hikari.HikariDataSource - HikariPool-2 - Shutdown completed.
""2019-10-21 13:16:58 [restartedMain] INFO  a.b.p.ApiBatchProcessorApplication - Starting ApiBatchProcessorApplication on OptimusPrime with PID 3988 (started by Sushil K Bhaskar in E:\Development EDI\Reactive_Workspace\api-batch-processor)
""2019-10-21 13:16:58 [restartedMain] DEBUG a.b.p.ApiBatchProcessorApplication - Running with Spring Boot v2.1.10.BUILD-SNAPSHOT, Spring v5.1.10.RELEASE
""2019-10-21 13:16:58 [restartedMain] INFO  a.b.p.ApiBatchProcessorApplication - The following profiles are active: development
""2019-10-21 13:16:58 [restartedMain] INFO  o.s.d.r.c.RepositoryConfigurationDelegate - Bootstrapping Spring Data repositories in DEFAULT mode.
""2019-10-21 13:16:58 [restartedMain] INFO  o.s.d.r.c.RepositoryConfigurationDelegate - Finished Spring Data repository scanning in 13ms. Found 2 repository interfaces.
""2019-10-21 13:16:58 [restartedMain] INFO  o.s.c.s.PostProcessorRegistrationDelegate$BeanPostProcessorChecker - Bean 'org.springframework.transaction.annotation.ProxyTransactionManagementConfiguration' of type [org.springframework.transaction.annotation.ProxyTransactionManagementConfiguration$$EnhancerBySpringCGLIB$$b570a31d] is not eligible for getting processed by all BeanPostProcessors (for example: not eligible for auto-proxying)
""2019-10-21 13:16:58 [restartedMain] INFO  o.s.b.w.e.tomcat.TomcatWebServer - Tomcat initialized with port(s): 8080 (http)
""2019-10-21 13:16:58 [restartedMain] INFO  o.a.catalina.core.StandardService - Starting service [Tomcat]
""2019-10-21 13:16:58 [restartedMain] INFO  o.a.catalina.core.StandardEngine - Starting Servlet engine: [Apache Tomcat/9.0.26]
""2019-10-21 13:16:58 [restartedMain] INFO  o.a.c.c.C.[Tomcat].[localhost].[/] - Initializing Spring embedded WebApplicationContext
""2019-10-21 13:16:59 [restartedMain] INFO  com.zaxxer.hikari.HikariDataSource - HikariPool-3 - Starting...
""2019-10-21 13:16:59 [restartedMain] INFO  com.zaxxer.hikari.HikariDataSource - HikariPool-3 - Start completed.
""2019-10-21 13:16:59 [restartedMain] INFO  o.s.o.j.LocalContainerEntityManagerFactoryBean - Initialized JPA EntityManagerFactory for persistence unit 'default'
""2019-10-21 13:16:59 [restartedMain] INFO  o.s.b.d.a.OptionalLiveReloadServer - LiveReload server is running on port 35729
""2019-10-21 13:16:59 [restartedMain] INFO  o.s.s.c.ThreadPoolTaskExecutor - Initializing ExecutorService 'applicationTaskExecutor'
""2019-10-21 13:16:59 [restartedMain] WARN  o.s.b.a.o.j.JpaBaseConfiguration$JpaWebConfiguration$JpaWebMvcConfiguration - spring.jpa.open-in-view is enabled by default. Therefore, database queries may be performed during view rendering. Explicitly configure spring.jpa.open-in-view to disable this warning
""2019-10-21 13:16:59 [restartedMain] WARN  o.s.b.a.batch.JpaBatchConfigurer - JPA does not support custom isolation levels, so locks may not be taken when launching Jobs
""2019-10-21 13:16:59 [restartedMain] INFO  o.s.b.c.r.s.JobRepositoryFactoryBean - No database type set, using meta data indicating: POSTGRES
""2019-10-21 13:16:59 [restartedMain] INFO  o.s.b.c.l.support.SimpleJobLauncher - No TaskExecutor has been set, defaulting to synchronous executor.
""2019-10-21 13:16:59 [restartedMain] INFO  o.s.b.w.e.tomcat.TomcatWebServer - Tomcat started on port(s): 8080 (http) with context path ''
""2019-10-21 13:16:59 [restartedMain] INFO  a.b.p.ApiBatchProcessorApplication - Started ApiBatchProcessorApplication in 1.207 seconds (JVM running for 1548.072)
""2019-10-21 13:16:59 [restartedMain] INFO  o.s.b.d.a.ConditionEvaluationDeltaLoggingListener - Condition evaluation unchanged
""2019-10-21 13:18:24 [http-nio-8080-exec-1] INFO  o.a.c.c.C.[Tomcat].[localhost].[/] - Initializing Spring DispatcherServlet 'dispatcherServlet'
""2019-10-21 17:13:40 [Thread-18] INFO  o.s.s.c.ThreadPoolTaskExecutor - Shutting down ExecutorService 'applicationTaskExecutor'
""2019-10-21 17:13:40 [Thread-18] INFO  o.s.o.j.LocalContainerEntityManagerFactoryBean - Closing JPA EntityManagerFactory for persistence unit 'default'
""2019-10-21 17:13:42 [Thread-18] INFO  com.zaxxer.hikari.HikariDataSource - HikariPool-3 - Shutdown initiated...
""2019-10-21 17:13:42 [Thread-18] INFO  com.zaxxer.hikari.HikariDataSource - HikariPool-3 - Shutdown completed.
""2019-10-21 17:13:54 [restartedMain] INFO  a.b.p.ApiBatchProcessorApplication - Starting ApiBatchProcessorApplication on OptimusPrime with PID 3988 (started by Sushil K Bhaskar in E:\Development EDI\Reactive_Workspace\api-batch-processor)
""2019-10-21 17:13:54 [restartedMain] DEBUG a.b.p.ApiBatchProcessorApplication - Running with Spring Boot v2.1.10.BUILD-SNAPSHOT, Spring v5.1.10.RELEASE
""2019-10-21 17:13:54 [restartedMain] INFO  a.b.p.ApiBatchProcessorApplication - The following profiles are active: development
""2019-10-21 17:13:56 [restartedMain] INFO  o.s.d.r.c.RepositoryConfigurationDelegate - Bootstrapping Spring Data repositories in DEFAULT mode.
""2019-10-21 17:13:56 [restartedMain] INFO  o.s.d.r.c.RepositoryConfigurationDelegate - Finished Spring Data repository scanning in 11ms. Found 2 repository interfaces.
""2019-10-21 17:13:56 [restartedMain] INFO  o.s.c.s.PostProcessorRegistrationDelegate$BeanPostProcessorChecker - Bean 'org.springframework.transaction.annotation.ProxyTransactionManagementConfiguration' of type [org.springframework.transaction.annotation.ProxyTransactionManagementConfiguration$$EnhancerBySpringCGLIB$$b570a31d] is not eligible for getting processed by all BeanPostProcessors (for example: not eligible for auto-proxying)
""2019-10-21 17:13:57 [restartedMain] INFO  o.s.b.w.e.tomcat.TomcatWebServer - Tomcat initialized with port(s): 8080 (http)
""2019-10-21 17:13:57 [restartedMain] INFO  o.a.catalina.core.StandardService - Starting service [Tomcat]
""2019-10-21 17:13:57 [restartedMain] INFO  o.a.catalina.core.StandardEngine - Starting Servlet engine: [Apache Tomcat/9.0.26]
""2019-10-21 17:13:57 [restartedMain] INFO  o.a.c.c.C.[Tomcat].[localhost].[/] - Initializing Spring embedded WebApplicationContext
""2019-10-21 17:13:57 [restartedMain] INFO  com.zaxxer.hikari.HikariDataSource - HikariPool-4 - Starting...
""2019-10-21 17:13:57 [restartedMain] INFO  com.zaxxer.hikari.HikariDataSource - HikariPool-4 - Start completed.
"